android_app/app/build/intermediates/manifest_merge_blame_file/debug/processDebugMainManifest/manifest-merger-blame-debug-report.txt
1<?xml version="1.0" encoding="utf-8"?>
2<manifest xmlns:android="http://schemas.android.com/apk/res/android"
3    package="com.clinic.screen"
4    android:versionCode="1"
5    android:versionName="1.0.0" >
6
7    <uses-sdk
8        android:minSdkVersion="26"
9        android:targetSdkVersion="34" />
10
11    <!-- Permissions -->
12    <uses-permission android:name="android.permission.INTERNET" />
12-->src/main/AndroidManifest.xml:6:5-67
12-->src/main/AndroidManifest.xml:6:22-64
13    <uses-permission android:name="android.permission.ACCESS_NETWORK_STATE" />
13-->src/main/AndroidManifest.xml:7:5-79
13-->src/main/AndroidManifest.xml:7:22-76
14    <uses-permission android:name="android.permission.RECORD_AUDIO" />
14-->src/main/AndroidManifest.xml:8:5-71
14-->src/main/AndroidManifest.xml:8:22-68
15    <uses-permission android:name="android.permission.RECORD_AUDIO" />
15-->src/main/AndroidManifest.xml:8:5-71
15-->src/main/AndroidManifest.xml:8:22-68
16    <uses-permission android:name="android.permission.WAKE_LOCK" />
16-->src/main/AndroidManifest.xml:10:5-68
16-->src/main/AndroidManifest.xml:10:22-65
17    <uses-permission android:name="android.permission.FOREGROUND_SERVICE" />
17-->src/main/AndroidManifest.xml:11:5-77
17-->src/main/AndroidManifest.xml:11:22-74
18    <uses-permission android:name="android.permission.FOREGROUND_SERVICE_MEDIA_PLAYBACK" />
18-->src/main/AndroidManifest.xml:12:5-92
18-->src/main/AndroidManifest.xml:12:22-89
19
20    <permission
20-->[androidx.core:core:1.12.0] AndroidManifest.xml:22:5-24:47
21        android:name="com.clinic.screen.DYNAMIC_RECEIVER_NOT_EXPORTED_PERMISSION"
21-->[androidx.core:core:1.12.0] AndroidManifest.xml:23:9-81
22        android:protectionLevel="signature" />
22-->[androidx.core:core:1.12.0] AndroidManifest.xml:24:9-44
23
24    <uses-permission android:name="com.clinic.screen.DYNAMIC_RECEIVER_NOT_EXPORTED_PERMISSION" />
24-->[androidx.core:core:1.12.0] AndroidManifest.xml:26:5-97
24-->[androidx.core:core:1.12.0] AndroidManifest.xml:26:22-94
25
26    <application
26-->src/main/AndroidManifest.xml:14:5-60:19
27        android:name="com.clinic.screen.ClinicScreenApplication"
27-->src/main/AndroidManifest.xml:15:9-48
28        android:allowBackup="true"
28-->src/main/AndroidManifest.xml:16:9-35
29        android:appComponentFactory="androidx.core.app.CoreComponentFactory"
29-->[androidx.core:core:1.12.0] AndroidManifest.xml:28:18-86
30        android:debuggable="true"
31        android:extractNativeLibs="false"
32        android:icon="@android:drawable/ic_menu_view"
32-->src/main/AndroidManifest.xml:17:9-54
33        android:label="@string/app_name"
33-->src/main/AndroidManifest.xml:18:9-41
34        android:roundIcon="@android:drawable/ic_menu_view"
34-->src/main/AndroidManifest.xml:19:9-59
35        android:supportsRtl="true"
35-->src/main/AndroidManifest.xml:20:9-35
36        android:testOnly="true"
37        android:theme="@style/Theme.ClinicScreen"
37-->src/main/AndroidManifest.xml:21:9-50
38        android:usesCleartextTraffic="true" >
38-->src/main/AndroidManifest.xml:22:9-44
39
40        <!-- Setup Activity - First screen for entering screen code -->
41        <activity
41-->src/main/AndroidManifest.xml:26:9-35:20
42            android:name="com.clinic.screen.ui.setup.SetupActivity"
42-->src/main/AndroidManifest.xml:27:13-51
43            android:configChanges="orientation|screenSize|keyboardHidden"
43-->src/main/AndroidManifest.xml:28:13-74
44            android:exported="true"
44-->src/main/AndroidManifest.xml:29:13-36
45            android:theme="@style/Theme.ClinicScreen" >
45-->src/main/AndroidManifest.xml:30:13-54
46            <intent-filter>
46-->src/main/AndroidManifest.xml:31:13-34:29
47                <action android:name="android.intent.action.MAIN" />
47-->src/main/AndroidManifest.xml:32:17-69
47-->src/main/AndroidManifest.xml:32:25-66
48
49                <category android:name="android.intent.category.LAUNCHER" />
49-->src/main/AndroidManifest.xml:33:17-77
49-->src/main/AndroidManifest.xml:33:27-74
50            </intent-filter>
51        </activity>
52
53        <!-- Main Activity - Full Screen Kiosk Mode -->
54        <activity
54-->src/main/AndroidManifest.xml:38:9-52:20
55            android:name="com.clinic.screen.ui.main.MainActivity"
55-->src/main/AndroidManifest.xml:39:13-49
56            android:configChanges="orientation|screenSize|keyboardHidden"
56-->src/main/AndroidManifest.xml:40:13-74
57            android:exported="false"
57-->src/main/AndroidManifest.xml:41:13-37
58            android:launchMode="singleTask"
58-->src/main/AndroidManifest.xml:42:13-44
59            android:screenOrientation="landscape"
59-->src/main/AndroidManifest.xml:43:13-50
60            android:theme="@style/Theme.ClinicScreen.FullScreen" >
60-->src/main/AndroidManifest.xml:44:13-65
61
62            <!-- Intent to receive screen code -->
63            <intent-filter>
63-->src/main/AndroidManifest.xml:47:13-51:29
64                <action android:name="android.intent.action.VIEW" />
64-->src/main/AndroidManifest.xml:48:17-69
64-->src/main/AndroidManifest.xml:48:25-66
65
66                <category android:name="android.intent.category.DEFAULT" />
66-->src/main/AndroidManifest.xml:49:17-76
66-->src/main/AndroidManifest.xml:49:27-73
67
68                <data
68-->src/main/AndroidManifest.xml:50:17-78
69                    android:host="display"
69-->src/main/AndroidManifest.xml:50:53-75
70                    android:scheme="clinicscreen" />
70-->src/main/AndroidManifest.xml:50:23-52
71            </intent-filter>
72        </activity>
73
74        <!-- Media Service for Background Playback -->
75        <service
75-->src/main/AndroidManifest.xml:55:9-59:61
76            android:name="com.clinic.screen.service.MediaPlaybackService"
76-->src/main/AndroidManifest.xml:56:13-57
77            android:enabled="true"
77-->src/main/AndroidManifest.xml:57:13-35
78            android:exported="false"
78-->src/main/AndroidManifest.xml:58:13-37
79            android:foregroundServiceType="mediaPlayback" />
79-->src/main/AndroidManifest.xml:59:13-58
80
81        <provider
81-->[androidx.emoji2:emoji2:1.2.0] AndroidManifest.xml:24:9-32:20
82            android:name="androidx.startup.InitializationProvider"
82-->[androidx.emoji2:emoji2:1.2.0] AndroidManifest.xml:25:13-67
83            android:authorities="com.clinic.screen.androidx-startup"
83-->[androidx.emoji2:emoji2:1.2.0] AndroidManifest.xml:26:13-68
84            android:exported="false" >
84-->[androidx.emoji2:emoji2:1.2.0] AndroidManifest.xml:27:13-37
85            <meta-data
85-->[androidx.emoji2:emoji2:1.2.0] AndroidManifest.xml:29:13-31:52
86                android:name="androidx.emoji2.text.EmojiCompatInitializer"
86-->[androidx.emoji2:emoji2:1.2.0] AndroidManifest.xml:30:17-75
87                android:value="androidx.startup" />
87-->[androidx.emoji2:emoji2:1.2.0] AndroidManifest.xml:31:17-49
88            <meta-data
88-->[androidx.lifecycle:lifecycle-process:2.7.0] AndroidManifest.xml:29:13-31:52
89                android:name="androidx.lifecycle.ProcessLifecycleInitializer"
89-->[androidx.lifecycle:lifecycle-process:2.7.0] AndroidManifest.xml:30:17-78
90                android:value="androidx.startup" />
90-->[androidx.lifecycle:lifecycle-process:2.7.0] AndroidManifest.xml:31:17-49
91            <meta-data
91-->[androidx.profileinstaller:profileinstaller:1.3.0] AndroidManifest.xml:29:13-31:52
92                android:name="androidx.profileinstaller.ProfileInstallerInitializer"
92-->[androidx.profileinstaller:profileinstaller:1.3.0] AndroidManifest.xml:30:17-85
93                android:value="androidx.startup" />
93-->[androidx.profileinstaller:profileinstaller:1.3.0] AndroidManifest.xml:31:17-49
94        </provider>
95
96        <uses-library
96-->[androidx.window:window:1.0.0] AndroidManifest.xml:25:9-27:40
97            android:name="androidx.window.extensions"
97-->[androidx.window:window:1.0.0] AndroidManifest.xml:26:13-54
98            android:required="false" />
98-->[androidx.window:window:1.0.0] AndroidManifest.xml:27:13-37
99        <uses-library
99-->[androidx.window:window:1.0.0] AndroidManifest.xml:28:9-30:40
100            android:name="androidx.window.sidecar"
100-->[androidx.window:window:1.0.0] AndroidManifest.xml:29:13-51
101            android:required="false" />
101-->[androidx.window:window:1.0.0] AndroidManifest.xml:30:13-37
102
103        <receiver
103-->[androidx.profileinstaller:profileinstaller:1.3.0] AndroidManifest.xml:34:9-52:20
104            android:name="androidx.profileinstaller.ProfileInstallReceiver"
104-->[androidx.profileinstaller:profileinstaller:1.3.0] AndroidManifest.xml:35:13-76
105            android:directBootAware="false"
105-->[androidx.profileinstaller:profileinstaller:1.3.0] AndroidManifest.xml:36:13-44
106            android:enabled="true"
106-->[androidx.profileinstaller:profileinstaller:1.3.0] AndroidManifest.xml:37:13-35
107            android:exported="true"
107-->[androidx.profileinstaller:profileinstaller:1.3.0] AndroidManifest.xml:38:13-36
108            android:permission="android.permission.DUMP" >
108-->[androidx.profileinstaller:profileinstaller:1.3.0] AndroidManifest.xml:39:13-57
109            <intent-filter>
109-->[androidx.profileinstaller:profileinstaller:1.3.0] AndroidManifest.xml:40:13-42:29
110                <action android:name="androidx.profileinstaller.action.INSTALL_PROFILE" />
110-->[androidx.profileinstaller:profileinstaller:1.3.0] AndroidManifest.xml:41:17-91
110-->[androidx.profileinstaller:profileinstaller:1.3.0] AndroidManifest.xml:41:25-88
111            </intent-filter>
112            <intent-filter>
112-->[androidx.profileinstaller:profileinstaller:1.3.0] AndroidManifest.xml:43:13-45:29
113                <action android:name="androidx.profileinstaller.action.SKIP_FILE" />
113-->[androidx.profileinstaller:profileinstaller:1.3.0] AndroidManifest.xml:44:17-85
113-->[androidx.profileinstaller:profileinstaller:1.3.0] AndroidManifest.xml:44:25-82
114            </intent-filter>
115            <intent-filter>
115-->[androidx.profileinstaller:profileinstaller:1.3.0] AndroidManifest.xml:46:13-48:29
116                <action android:name="androidx.profileinstaller.action.SAVE_PROFILE" />
116-->[androidx.profileinstaller:profileinstaller:1.3.0] AndroidManifest.xml:47:17-88
116-->[androidx.profileinstaller:profileinstaller:1.3.0] AndroidManifest.xml:47:25-85
117            </intent-filter>
118            <intent-filter>
118-->[androidx.profileinstaller:profileinstaller:1.3.0] AndroidManifest.xml:49:13-51:29
119                <action android:name="androidx.profileinstaller.action.BENCHMARK_OPERATION" />
119-->[androidx.profileinstaller:profileinstaller:1.3.0] AndroidManifest.xml:50:17-95
119-->[androidx.profileinstaller:profileinstaller:1.3.0] AndroidManifest.xml:50:25-92
120            </intent-filter>
121        </receiver>
122    </application>
123
124</manifest>